[2019-07-23 09:23:14.350] [exthost] [info] extension host started
[2019-07-23 09:23:14.518] [exthost] [info] ExtensionService#_doActivateExtension vscode.debug-auto-launch {"startup":true,"activationEvent":"*"}
[2019-07-23 09:23:14.518] [exthost] [info] ExtensionService#loadCommonJSModule /usr/share/code/resources/app/extensions/debug-auto-launch/dist/extension
[2019-07-23 09:23:14.535] [exthost] [info] ExtensionService#_doActivateExtension vscode.emmet {"startup":true,"activationEvent":"*"}
[2019-07-23 09:23:14.535] [exthost] [info] ExtensionService#loadCommonJSModule /usr/share/code/resources/app/extensions/emmet/dist/extension
[2019-07-23 09:23:14.584] [exthost] [info] ExtensionService#_doActivateExtension vscode.git {"startup":true,"activationEvent":"*"}
[2019-07-23 09:23:14.584] [exthost] [info] ExtensionService#loadCommonJSModule /usr/share/code/resources/app/extensions/git/dist/main
[2019-07-23 09:23:14.869] [exthost] [info] ExtensionService#_doActivateExtension vscode.merge-conflict {"startup":true,"activationEvent":"*"}
[2019-07-23 09:23:14.869] [exthost] [info] ExtensionService#loadCommonJSModule /usr/share/code/resources/app/extensions/merge-conflict/dist/extension
[2019-07-23 09:23:14.885] [exthost] [info] ExtensionService#_doActivateExtension CoenraadS.bracket-pair-colorizer {"startup":true,"activationEvent":"*"}
[2019-07-23 09:23:14.886] [exthost] [info] ExtensionService#loadCommonJSModule /home/julio/.vscode/extensions/coenraads.bracket-pair-colorizer-1.0.61/out/src/extension
[2019-07-23 09:23:14.972] [exthost] [info] ExtensionService#_doActivateExtension dbaeumer.vscode-eslint {"startup":true,"activationEvent":"*"}
[2019-07-23 09:23:14.972] [exthost] [info] ExtensionService#loadCommonJSModule /home/julio/.vscode/extensions/dbaeumer.vscode-eslint-1.9.0/client/out/extension
[2019-07-23 09:23:15.085] [exthost] [info] ExtensionService#_doActivateExtension esbenp.prettier-vscode {"startup":true,"activationEvent":"*"}
[2019-07-23 09:23:15.085] [exthost] [info] ExtensionService#loadCommonJSModule /home/julio/.vscode/extensions/esbenp.prettier-vscode-1.9.0/out/src/extension
[2019-07-23 09:23:15.580] [exthost] [info] ExtensionService#_doActivateExtension joelday.docthis {"startup":true,"activationEvent":"*"}
[2019-07-23 09:23:15.581] [exthost] [info] ExtensionService#loadCommonJSModule /home/julio/.vscode/extensions/joelday.docthis-0.7.1/out/src/extension
[2019-07-23 09:23:16.719] [exthost] [info] ExtensionService#_doActivateExtension PKief.material-icon-theme {"startup":true,"activationEvent":"*"}
[2019-07-23 09:23:16.719] [exthost] [info] ExtensionService#loadCommonJSModule /home/julio/.vscode/extensions/pkief.material-icon-theme-3.8.1/dist/extension
[2019-07-23 09:23:16.771] [exthost] [info] ExtensionService#_doActivateExtension vscodevim.vim {"startup":true,"activationEvent":"*"}
[2019-07-23 09:23:16.771] [exthost] [info] ExtensionService#loadCommonJSModule /home/julio/.vscode/extensions/vscodevim.vim-1.8.2/out/extension
[2019-07-23 09:23:18.503] [exthost] [info] eager extensions activated
